<?xml version="1.0" encoding="UTF-8"?>
<!-- Generated by org.testng.reporters.JUnitXMLReporter -->
<testsuite ignored="0" hostname="Prog-PC" failures="1" tests="11" name="Regression suite 1" time="1.809" errors="0" timestamp="2019-11-03T10:54:09 IST">
  <testcase classname="tests.DateDifferenceTests" name="@BeforeMethod beforeMethod" time="0.012">
    <failure type="org.openqa.selenium.NoSuchWindowException" message="no such window: target window already closed
from unknown error: web view not found
  (Session info: chrome=78.0.3904.70)
Build info: version: &amp;apos;3.141.59&amp;apos;, revision: &amp;apos;e82be7d358&amp;apos;, time: &amp;apos;2018-11-14T08:25:48&amp;apos;
System info: host: &amp;apos;PROG-PC&amp;apos;, ip: &amp;apos;10.0.0.75&amp;apos;, os.name: &amp;apos;Windows 7&amp;apos;, os.arch: &amp;apos;amd64&amp;apos;, os.version: &amp;apos;6.1&amp;apos;, java.version: &amp;apos;9.0.4&amp;apos;
Driver info: org.openqa.selenium.chrome.ChromeDriver
Capabilities {acceptInsecureCerts: false, browserName: chrome, browserVersion: 78.0.3904.70, chrome: {chromedriverVersion: 77.0.3865.40 (f484704e052e0..., userDataDir: E:\Users\Prog\AppData\Local...}, goog:chromeOptions: {debuggerAddress: localhost:60585}, javascriptEnabled: true, networkConnectionEnabled: false, pageLoadStrategy: normal, platform: XP, platformName: XP, proxy: Proxy(), setWindowRect: true, strictFileInteractability: false, timeouts: {implicit: 0, pageLoad: 300000, script: 30000}, unhandledPromptBehavior: dismiss and notify}
Session ID: dd2c952f1a9b2aba259326098ff70260">
      <![CDATA[org.openqa.selenium.NoSuchWindowException: no such window: target window already closed
from unknown error: web view not found
  (Session info: chrome=78.0.3904.70)
Build info: version: '3.141.59', revision: 'e82be7d358', time: '2018-11-14T08:25:48'
System info: host: 'PROG-PC', ip: '10.0.0.75', os.name: 'Windows 7', os.arch: 'amd64', os.version: '6.1', java.version: '9.0.4'
Driver info: org.openqa.selenium.chrome.ChromeDriver
Capabilities {acceptInsecureCerts: false, browserName: chrome, browserVersion: 78.0.3904.70, chrome: {chromedriverVersion: 77.0.3865.40 (f484704e052e0..., userDataDir: E:\Users\Prog\AppData\Local...}, goog:chromeOptions: {debuggerAddress: localhost:60585}, javascriptEnabled: true, networkConnectionEnabled: false, pageLoadStrategy: normal, platform: XP, platformName: XP, proxy: Proxy(), setWindowRect: true, strictFileInteractability: false, timeouts: {implicit: 0, pageLoad: 300000, script: 30000}, unhandledPromptBehavior: dismiss and notify}
Session ID: dd2c952f1a9b2aba259326098ff70260
at org.openqa.selenium.remote.http.W3CHttpResponseCodec.createException(W3CHttpResponseCodec.java:187)
at org.openqa.selenium.remote.http.W3CHttpResponseCodec.decode(W3CHttpResponseCodec.java:122)
at org.openqa.selenium.remote.http.W3CHttpResponseCodec.decode(W3CHttpResponseCodec.java:49)
at org.openqa.selenium.remote.HttpCommandExecutor.execute(HttpCommandExecutor.java:158)
at org.openqa.selenium.remote.service.DriverCommandExecutor.execute(DriverCommandExecutor.java:83)
at org.openqa.selenium.remote.RemoteWebDriver.execute(RemoteWebDriver.java:552)
at org.openqa.selenium.remote.RemoteWebDriver.get(RemoteWebDriver.java:277)
at org.openqa.selenium.remote.RemoteWebDriver$RemoteNavigation.to(RemoteWebDriver.java:857)
at pages.BasePage.openPage(BasePage.java:22)
at tests.DateDifferenceTests.beforeMethod(DateDifferenceTests.java:34)
at java.base/java.util.ArrayList.forEach(Unknown Source)
... Removed 35 stack frames]]>
    </failure>
  </testcase> <!-- @BeforeMethod beforeMethod -->
  <testcase classname="tests.DateDifferenceTests" name="@BeforeMethod beforeMethod" time="-1.572771248872E9">
    <skipped/>
  </testcase> <!-- @BeforeMethod beforeMethod -->
  <testcase classname="tests.DateDifferenceTests" name="@BeforeMethod beforeMethod" time="-1.572771248895E9">
    <skipped/>
  </testcase> <!-- @BeforeMethod beforeMethod -->
  <testcase classname="tests.DateDifferenceTests" name="@BeforeMethod beforeMethod" time="-1.572771248903E9">
    <skipped/>
  </testcase> <!-- @BeforeMethod beforeMethod -->
  <testcase classname="tests.DateDifferenceTests" name="@BeforeMethod beforeMethod" time="-1.572771248919E9">
    <skipped/>
  </testcase> <!-- @BeforeMethod beforeMethod -->
  <testcase classname="tests.DateDifferenceTests" name="@BeforeMethod beforeMethod" time="-1.572771248927E9">
    <skipped/>
  </testcase> <!-- @BeforeMethod beforeMethod -->
  <testcase classname="tests.DateDifferenceTests" name="@BeforeMethod beforeMethod" time="-1.572771248934E9">
    <skipped/>
  </testcase> <!-- @BeforeMethod beforeMethod -->
  <testcase classname="tests.DateDifferenceTests" name="@BeforeMethod beforeMethod" time="-1.57277124894E9">
    <skipped/>
  </testcase> <!-- @BeforeMethod beforeMethod -->
  <testcase classname="tests.DateDifferenceTests" name="@BeforeMethod beforeMethod" time="-1.572771248946E9">
    <skipped/>
  </testcase> <!-- @BeforeMethod beforeMethod -->
  <testcase classname="tests.DateDifferenceTests" name="@BeforeMethod beforeMethod" time="-1.572771248952E9">
    <skipped/>
  </testcase> <!-- @BeforeMethod beforeMethod -->
  <testcase classname="tests.DateDifferenceTests" name="DateDifference_HardCoded_EdgeCases_Test" time="0.089">
    <failure type="org.openqa.selenium.NoSuchWindowException" message="no such window: target window already closed
from unknown error: web view not found
  (Session info: chrome=78.0.3904.70)
Build info: version: &amp;apos;3.141.59&amp;apos;, revision: &amp;apos;e82be7d358&amp;apos;, time: &amp;apos;2018-11-14T08:25:48&amp;apos;
System info: host: &amp;apos;PROG-PC&amp;apos;, ip: &amp;apos;10.0.0.75&amp;apos;, os.name: &amp;apos;Windows 7&amp;apos;, os.arch: &amp;apos;amd64&amp;apos;, os.version: &amp;apos;6.1&amp;apos;, java.version: &amp;apos;9.0.4&amp;apos;
Driver info: org.openqa.selenium.chrome.ChromeDriver
Capabilities {acceptInsecureCerts: false, browserName: chrome, browserVersion: 78.0.3904.70, chrome: {chromedriverVersion: 77.0.3865.40 (f484704e052e0..., userDataDir: E:\Users\Prog\AppData\Local...}, goog:chromeOptions: {debuggerAddress: localhost:60585}, javascriptEnabled: true, networkConnectionEnabled: false, pageLoadStrategy: normal, platform: XP, platformName: XP, proxy: Proxy(), setWindowRect: true, strictFileInteractability: false, timeouts: {implicit: 0, pageLoad: 300000, script: 30000}, unhandledPromptBehavior: dismiss and notify}
Session ID: dd2c952f1a9b2aba259326098ff70260
*** Element info: {Using=id, value=today_Year_ID}">
      <![CDATA[org.openqa.selenium.NoSuchWindowException: no such window: target window already closed
from unknown error: web view not found
  (Session info: chrome=78.0.3904.70)
Build info: version: '3.141.59', revision: 'e82be7d358', time: '2018-11-14T08:25:48'
System info: host: 'PROG-PC', ip: '10.0.0.75', os.name: 'Windows 7', os.arch: 'amd64', os.version: '6.1', java.version: '9.0.4'
Driver info: org.openqa.selenium.chrome.ChromeDriver
Capabilities {acceptInsecureCerts: false, browserName: chrome, browserVersion: 78.0.3904.70, chrome: {chromedriverVersion: 77.0.3865.40 (f484704e052e0..., userDataDir: E:\Users\Prog\AppData\Local...}, goog:chromeOptions: {debuggerAddress: localhost:60585}, javascriptEnabled: true, networkConnectionEnabled: false, pageLoadStrategy: normal, platform: XP, platformName: XP, proxy: Proxy(), setWindowRect: true, strictFileInteractability: false, timeouts: {implicit: 0, pageLoad: 300000, script: 30000}, unhandledPromptBehavior: dismiss and notify}
Session ID: dd2c952f1a9b2aba259326098ff70260
*** Element info: {Using=id, value=today_Year_ID}
at org.openqa.selenium.remote.http.W3CHttpResponseCodec.createException(W3CHttpResponseCodec.java:187)
at org.openqa.selenium.remote.http.W3CHttpResponseCodec.decode(W3CHttpResponseCodec.java:122)
at org.openqa.selenium.remote.http.W3CHttpResponseCodec.decode(W3CHttpResponseCodec.java:49)
at org.openqa.selenium.remote.HttpCommandExecutor.execute(HttpCommandExecutor.java:158)
at org.openqa.selenium.remote.service.DriverCommandExecutor.execute(DriverCommandExecutor.java:83)
at org.openqa.selenium.remote.RemoteWebDriver.execute(RemoteWebDriver.java:552)
at org.openqa.selenium.remote.RemoteWebDriver.findElement(RemoteWebDriver.java:323)
at org.openqa.selenium.remote.RemoteWebDriver.findElementById(RemoteWebDriver.java:372)
at org.openqa.selenium.By$ById.findElement(By.java:188)
at org.openqa.selenium.remote.RemoteWebDriver.findElement(RemoteWebDriver.java:315)
at pages.DateDiffPage.getYear(DateDiffPage.java:73)
at pages.DateDiffPage.markYear(DateDiffPage.java:46)
at pages.DateDiffPage.setDate(DateDiffPage.java:30)
at tests.DateDifferenceTests.runTest(DateDifferenceTests.java:55)
at tests.DateDifferenceTests.DateDifference_HardCoded_EdgeCases_Test(DateDifferenceTests.java:47)
at java.base/java.util.ArrayList.forEach(Unknown Source)
... Removed 31 stack frames]]>
    </failure>
  </testcase> <!-- DateDifference_HardCoded_EdgeCases_Test -->
  <testcase classname="tests.DateDifferenceTests" name="DateDifference_HardCoded_EdgeCases_Test" time="0.0">
    <skipped/>
  </testcase> <!-- DateDifference_HardCoded_EdgeCases_Test -->
  <testcase classname="tests.DateDifferenceTests" name="DateDifference_HardCoded_EdgeCases_Test" time="0.0">
    <skipped/>
  </testcase> <!-- DateDifference_HardCoded_EdgeCases_Test -->
  <testcase classname="tests.DateDifferenceTests" name="DateDifference_HardCoded_EdgeCases_Test" time="0.0">
    <skipped/>
  </testcase> <!-- DateDifference_HardCoded_EdgeCases_Test -->
  <testcase classname="tests.DateDifferenceTests" name="DateDifference_HardCoded_EdgeCases_Test" time="0.0">
    <skipped/>
  </testcase> <!-- DateDifference_HardCoded_EdgeCases_Test -->
  <testcase classname="tests.DateDifferenceTests" name="DateDifference_HardCoded_EdgeCases_Test" time="0.0">
    <skipped/>
  </testcase> <!-- DateDifference_HardCoded_EdgeCases_Test -->
  <testcase classname="tests.DateDifferenceTests" name="DateDifference_HardCoded_EdgeCases_Test" time="0.0">
    <skipped/>
  </testcase> <!-- DateDifference_HardCoded_EdgeCases_Test -->
  <testcase classname="tests.DateDifferenceTests" name="DateDifference_HardCoded_EdgeCases_Test" time="0.0">
    <skipped/>
  </testcase> <!-- DateDifference_HardCoded_EdgeCases_Test -->
  <testcase classname="tests.DateDifferenceTests" name="DateDifference_HardCoded_Sanity_Test" time="0.0">
    <skipped/>
  </testcase> <!-- DateDifference_HardCoded_Sanity_Test -->
  <testcase classname="tests.DateDifferenceTests" name="DateDifference_HardCoded_Sanity_Test" time="0.0">
    <skipped/>
  </testcase> <!-- DateDifference_HardCoded_Sanity_Test -->
  <testcase classname="tests.DateDifferenceTests" name="DateDifference_HardCoded_Sanity_Test" time="0.0">
    <skipped/>
  </testcase> <!-- DateDifference_HardCoded_Sanity_Test -->
</testsuite> <!-- Regression suite 1 -->
