<?xml version="1.0" encoding="UTF-8"?>
<!-- Generated by org.testng.reporters.JUnitXMLReporter -->
<testsuite ignored="0" hostname="Prog-PC" failures="0" tests="11" name="Default test" time="41.437" errors="0" timestamp="2019-11-03T11:59:01 IST">
  <testcase classname="tests.DateDifferenceTests" name="@BeforeMethod beforeMethod" time="0.0">
    <failure type="java.lang.IllegalArgumentException" message="DAY_OF_MONTH">
      <![CDATA[java.lang.IllegalArgumentException: DAY_OF_MONTH
at java.base/java.util.GregorianCalendar.computeTime(Unknown Source)
at java.base/java.util.Calendar.updateTime(Unknown Source)
at java.base/java.util.Calendar.complete(Unknown Source)
at java.base/java.util.Calendar.get(Unknown Source)
at sdk.MyDate.getMonth(MyDate.java:116)
at sdk.MyDate.toString(MyDate.java:121)
at tests.DateDifferenceTests.beforeMethod(DateDifferenceTests.java:44)
at java.base/jdk.internal.reflect.NativeMethodAccessorImpl.invoke0(Native Method)
at java.base/jdk.internal.reflect.NativeMethodAccessorImpl.invoke(Unknown Source)
at java.base/jdk.internal.reflect.DelegatingMethodAccessorImpl.invoke(Unknown Source)
at java.base/java.lang.reflect.Method.invoke(Unknown Source)
at org.testng.internal.MethodInvocationHelper.invokeMethod(MethodInvocationHelper.java:133)
at org.testng.internal.MethodInvocationHelper.invokeMethodConsideringTimeout(MethodInvocationHelper.java:62)
at org.testng.internal.ConfigInvoker.invokeConfigurationMethod(ConfigInvoker.java:340)
at org.testng.internal.ConfigInvoker.invokeConfigurations(ConfigInvoker.java:294)
at org.testng.internal.TestInvoker.runConfigMethods(TestInvoker.java:683)
at org.testng.internal.TestInvoker.invokeMethod(TestInvoker.java:510)
at org.testng.internal.TestInvoker.invokeTestMethod(TestInvoker.java:172)
at org.testng.internal.MethodRunner.runInSequence(MethodRunner.java:46)
at org.testng.internal.TestInvoker$MethodInvocationAgent.invoke(TestInvoker.java:804)
at org.testng.internal.TestInvoker.invokeTestMethods(TestInvoker.java:145)
at org.testng.internal.TestMethodWorker.invokeTestMethods(TestMethodWorker.java:146)
at org.testng.internal.TestMethodWorker.run(TestMethodWorker.java:128)
at java.base/java.util.ArrayList.forEach(Unknown Source)
at org.testng.TestRunner.privateRun(TestRunner.java:770)
at org.testng.TestRunner.run(TestRunner.java:591)
at org.testng.SuiteRunner.runTest(SuiteRunner.java:402)
at org.testng.SuiteRunner.runSequentially(SuiteRunner.java:396)
at org.testng.SuiteRunner.privateRun(SuiteRunner.java:355)
at org.testng.SuiteRunner.run(SuiteRunner.java:304)
at org.testng.SuiteRunnerWorker.runSuite(SuiteRunnerWorker.java:53)
at org.testng.SuiteRunnerWorker.run(SuiteRunnerWorker.java:96)
at org.testng.TestNG.runSuitesSequentially(TestNG.java:1180)
at org.testng.TestNG.runSuitesLocally(TestNG.java:1102)
at org.testng.TestNG.runSuites(TestNG.java:1032)
at org.testng.TestNG.run(TestNG.java:1000)
at org.testng.remote.AbstractRemoteTestNG.run(AbstractRemoteTestNG.java:115)
at org.testng.remote.RemoteTestNG.initAndRun(RemoteTestNG.java:251)
at org.testng.remote.RemoteTestNG.main(RemoteTestNG.java:77)
]]>
    </failure>
  </testcase> <!-- @BeforeMethod beforeMethod -->
  <testcase classname="tests.DateDifferenceTests" name="@AfterMethod afterMethod" time="-1.572775141192E9">
    <skipped/>
  </testcase> <!-- @AfterMethod afterMethod -->
  <testcase classname="tests.DateDifferenceTests" name="DateDifference_HardCoded_EdgeCases_Test" time="3.045"/>
  <testcase classname="tests.DateDifferenceTests" name="DateDifference_HardCoded_EdgeCases_Test" time="2.717"/>
  <testcase classname="tests.DateDifferenceTests" name="DateDifference_HardCoded_EdgeCases_Test" time="2.138"/>
  <testcase classname="tests.DateDifferenceTests" name="DateDifference_HardCoded_EdgeCases_Test" time="2.113"/>
  <testcase classname="tests.DateDifferenceTests" name="DateDifference_HardCoded_EdgeCases_Test" time="2.136"/>
  <testcase classname="tests.DateDifferenceTests" name="DateDifference_HardCoded_EdgeCases_Test" time="2.134"/>
  <testcase classname="tests.DateDifferenceTests" name="DateDifference_HardCoded_EdgeCases_Test" time="2.096"/>
  <testcase classname="tests.DateDifferenceTests" name="DateDifference_HardCoded_EdgeCases_Test" time="2.925"/>
  <testcase classname="tests.DateDifferenceTests" name="DateDifference_HardCoded_Sanity_Test" time="2.177"/>
  <testcase classname="tests.DateDifferenceTests" name="DateDifference_HardCoded_Sanity_Test" time="2.009"/>
  <testcase classname="tests.DateDifferenceTests" name="DateDifference_HardCoded_Sanity_Test" time="0.0">
    <skipped/>
  </testcase> <!-- DateDifference_HardCoded_Sanity_Test -->
</testsuite> <!-- Default test -->
