<?xml version="1.0" encoding="UTF-8"?>
<!-- Generated by org.testng.reporters.JUnitReportReporter -->
<testsuite hostname="Prog-PC" failures="0" tests="12" name="tests.DateDifferenceTests" time="41.500" errors="1" timestamp="2019-11-03T12:27:47 IST" skipped="1">
  <testcase classname="tests.DateDifferenceTests" name="DateDifference_HardCoded_EdgeCases_Test" time="4.407"/>
  <testcase classname="tests.DateDifferenceTests" name="DateDifference_HardCoded_EdgeCases_Test" time="3.781"/>
  <testcase classname="tests.DateDifferenceTests" name="DateDifference_HardCoded_EdgeCases_Test" time="4.183"/>
  <testcase classname="tests.DateDifferenceTests" name="DateDifference_HardCoded_EdgeCases_Test" time="3.421"/>
  <testcase classname="tests.DateDifferenceTests" name="DateDifference_HardCoded_EdgeCases_Test" time="3.015"/>
  <testcase classname="tests.DateDifferenceTests" name="DateDifference_HardCoded_EdgeCases_Test" time="3.375"/>
  <testcase classname="tests.DateDifferenceTests" name="DateDifference_HardCoded_EdgeCases_Test" time="5.582"/>
  <testcase classname="tests.DateDifferenceTests" name="DateDifference_HardCoded_Sanity_Test" time="1.238">
    <skipped/>
  </testcase> <!-- DateDifference_HardCoded_Sanity_Test -->
  <testcase classname="tests.DateDifferenceTests" name="DateDifference_HardCoded_EdgeCases_Test" time="5.286"/>
  <testcase classname="tests.DateDifferenceTests" name="beforeMethod" time="1.015">
    <error message="DAY_OF_MONTH" type="java.lang.IllegalArgumentException">
      <![CDATA[java.lang.IllegalArgumentException: DAY_OF_MONTH
at java.base/java.util.GregorianCalendar.computeTime(Unknown Source)
at java.base/java.util.Calendar.updateTime(Unknown Source)
at java.base/java.util.Calendar.complete(Unknown Source)
at java.base/java.util.Calendar.get(Unknown Source)
at sdk.MyDate.getMonth(MyDate.java:116)
at sdk.MyDate.toString(MyDate.java:121)
at tests.DateDifferenceTests.beforeMethod(DateDifferenceTests.java:44)
at java.base/jdk.internal.reflect.NativeMethodAccessorImpl.invoke0(Native Method)
at java.base/jdk.internal.reflect.NativeMethodAccessorImpl.invoke(Unknown Source)
at java.base/jdk.internal.reflect.DelegatingMethodAccessorImpl.invoke(Unknown Source)
at java.base/java.lang.reflect.Method.invoke(Unknown Source)
at org.testng.internal.MethodInvocationHelper.invokeMethod(MethodInvocationHelper.java:133)
at org.testng.internal.MethodInvocationHelper.invokeMethodConsideringTimeout(MethodInvocationHelper.java:62)
at org.testng.internal.ConfigInvoker.invokeConfigurationMethod(ConfigInvoker.java:340)
at org.testng.internal.ConfigInvoker.invokeConfigurations(ConfigInvoker.java:294)
at org.testng.internal.TestInvoker.runConfigMethods(TestInvoker.java:683)
at org.testng.internal.TestInvoker.invokeMethod(TestInvoker.java:510)
at org.testng.internal.TestInvoker.invokeTestMethod(TestInvoker.java:172)
at org.testng.internal.MethodRunner.runInSequence(MethodRunner.java:46)
at org.testng.internal.TestInvoker$MethodInvocationAgent.invoke(TestInvoker.java:804)
at org.testng.internal.TestInvoker.invokeTestMethods(TestInvoker.java:145)
at org.testng.internal.TestMethodWorker.invokeTestMethods(TestMethodWorker.java:146)
at org.testng.internal.TestMethodWorker.run(TestMethodWorker.java:128)
at java.base/java.util.ArrayList.forEach(Unknown Source)
at org.testng.TestRunner.privateRun(TestRunner.java:770)
at org.testng.TestRunner.run(TestRunner.java:591)
at org.testng.SuiteRunner.runTest(SuiteRunner.java:402)
at org.testng.SuiteRunner.runSequentially(SuiteRunner.java:396)
at org.testng.SuiteRunner.privateRun(SuiteRunner.java:355)
at org.testng.SuiteRunner.run(SuiteRunner.java:304)
at org.testng.SuiteRunnerWorker.runSuite(SuiteRunnerWorker.java:53)
at org.testng.SuiteRunnerWorker.run(SuiteRunnerWorker.java:96)
at org.testng.TestNG.runSuitesSequentially(TestNG.java:1180)
at org.testng.TestNG.runSuitesLocally(TestNG.java:1102)
at org.testng.TestNG.runSuites(TestNG.java:1032)
at org.testng.TestNG.run(TestNG.java:1000)
at org.testng.remote.AbstractRemoteTestNG.run(AbstractRemoteTestNG.java:115)
at org.testng.remote.RemoteTestNG.initAndRun(RemoteTestNG.java:251)
at org.testng.remote.RemoteTestNG.main(RemoteTestNG.java:77)
]]>
    </error>
  </testcase> <!-- beforeMethod -->
  <testcase classname="tests.DateDifferenceTests" name="DateDifference_HardCoded_Sanity_Test" time="3.808"/>
  <testcase classname="tests.DateDifferenceTests" name="DateDifference_HardCoded_Sanity_Test" time="2.389"/>
</testsuite> <!-- tests.DateDifferenceTests -->
